2025-01-19 14:42:55 [restartedMain] INFO  com.tekarch.TafDatastoreService.TafDatastoreServiceApplication - Starting TafDatastoreServiceApplication using Java 23.0.1 with PID 27340 (C:\projects\TafDatastoreService\build\classes\java\main started by jpjan in C:\projects\TafDatastoreService)
2025-01-19 14:42:55 [restartedMain] INFO  com.tekarch.TafDatastoreService.TafDatastoreServiceApplication - No active profile set, falling back to 1 default profile: "default"
2025-01-19 14:42:55 [restartedMain] INFO  org.springframework.boot.devtools.env.DevToolsPropertyDefaultsPostProcessor - Devtools property defaults active! Set 'spring.devtools.add-properties' to 'false' to disable
2025-01-19 14:42:55 [restartedMain] INFO  org.springframework.boot.devtools.env.DevToolsPropertyDefaultsPostProcessor - For additional web related logging consider setting the 'logging.level.web' property to 'DEBUG'
2025-01-19 14:42:56 [restartedMain] INFO  org.springframework.data.repository.config.RepositoryConfigurationDelegate - Bootstrapping Spring Data JPA repositories in DEFAULT mode.
2025-01-19 14:42:56 [restartedMain] INFO  org.springframework.data.repository.config.RepositoryConfigurationDelegate - Finished Spring Data repository scanning in 39 ms. Found 3 JPA repository interfaces.
2025-01-19 14:42:56 [restartedMain] INFO  org.springframework.boot.web.embedded.tomcat.TomcatWebServer - Tomcat initialized with port 8081 (http)
2025-01-19 14:42:57 [restartedMain] INFO  org.apache.coyote.http11.Http11NioProtocol - Initializing ProtocolHandler ["http-nio-8081"]
2025-01-19 14:42:57 [restartedMain] INFO  org.apache.catalina.core.StandardService - Starting service [Tomcat]
2025-01-19 14:42:57 [restartedMain] INFO  org.apache.catalina.core.StandardEngine - Starting Servlet engine: [Apache Tomcat/10.1.34]
2025-01-19 14:42:57 [restartedMain] INFO  org.apache.catalina.core.ContainerBase.[Tomcat].[localhost].[/] - Initializing Spring embedded WebApplicationContext
2025-01-19 14:42:57 [restartedMain] INFO  org.springframework.boot.web.servlet.context.ServletWebServerApplicationContext - Root WebApplicationContext: initialization completed in 1627 ms
2025-01-19 14:42:57 [restartedMain] INFO  org.hibernate.jpa.internal.util.LogHelper - HHH000204: Processing PersistenceUnitInfo [name: default]
2025-01-19 14:42:57 [restartedMain] INFO  org.hibernate.Version - HHH000412: Hibernate ORM core version 6.6.4.Final
2025-01-19 14:42:57 [restartedMain] INFO  org.hibernate.cache.internal.RegionFactoryInitiator - HHH000026: Second-level cache disabled
2025-01-19 14:42:57 [restartedMain] INFO  org.springframework.orm.jpa.persistenceunit.SpringPersistenceUnitInfo - No LoadTimeWeaver setup: ignoring JPA class transformer
2025-01-19 14:42:57 [restartedMain] INFO  com.zaxxer.hikari.HikariDataSource - HikariPool-1 - Starting...
2025-01-19 14:42:58 [restartedMain] INFO  com.zaxxer.hikari.pool.HikariPool - HikariPool-1 - Added connection com.mysql.cj.jdbc.ConnectionImpl@2a014dea
2025-01-19 14:42:58 [restartedMain] INFO  com.zaxxer.hikari.HikariDataSource - HikariPool-1 - Start completed.
2025-01-19 14:42:58 [restartedMain] WARN  org.hibernate.orm.deprecation - HHH90000025: MySQL8Dialect does not need to be specified explicitly using 'hibernate.dialect' (remove the property setting and it will be selected by default)
2025-01-19 14:42:58 [restartedMain] WARN  org.hibernate.orm.deprecation - HHH90000026: MySQL8Dialect has been deprecated; use org.hibernate.dialect.MySQLDialect instead
2025-01-19 14:42:58 [restartedMain] INFO  org.hibernate.orm.connections.pooling - HHH10001005: Database info:
	Database JDBC URL [Connecting through datasource 'HikariDataSource (HikariPool-1)']
	Database driver: undefined/unknown
	Database version: 8.0
	Autocommit mode: undefined/unknown
	Isolation level: undefined/unknown
	Minimum pool size: undefined/unknown
	Maximum pool size: undefined/unknown
2025-01-19 14:42:59 [restartedMain] INFO  org.hibernate.engine.transaction.jta.platform.internal.JtaPlatformInitiator - HHH000489: No JTA platform available (set 'hibernate.transaction.jta.platform' to enable JTA platform integration)
2025-01-19 14:42:59 [restartedMain] DEBUG org.hibernate.SQL - 
    create table booking (
        id bigint not null auto_increment,
        created_at datetime(6),
        status enum ('BOOKED','CANCELLED') not null,
        updated_at datetime(6),
        flight_id bigint not null,
        user_id bigint not null,
        primary key (id)
    ) engine=InnoDB
2025-01-19 14:42:59 [restartedMain] DEBUG org.hibernate.SQL - 
    alter table booking 
       add constraint FK546eybei9q7dsna94vryofrbr 
       foreign key (flight_id) 
       references flight (id)
2025-01-19 14:42:59 [restartedMain] DEBUG org.hibernate.SQL - 
    alter table booking 
       add constraint FKkgseyy7t56x7lkjgu3wah5s3t 
       foreign key (user_id) 
       references user (id)
2025-01-19 14:42:59 [restartedMain] INFO  org.springframework.orm.jpa.LocalContainerEntityManagerFactoryBean - Initialized JPA EntityManagerFactory for persistence unit 'default'
2025-01-19 14:43:00 [restartedMain] WARN  org.springframework.boot.autoconfigure.orm.jpa.JpaBaseConfiguration$JpaWebConfiguration - spring.jpa.open-in-view is enabled by default. Therefore, database queries may be performed during view rendering. Explicitly configure spring.jpa.open-in-view to disable this warning
2025-01-19 14:43:00 [restartedMain] INFO  org.springframework.validation.beanvalidation.OptionalValidatorFactoryBean - Failed to set up a Bean Validation provider: jakarta.validation.NoProviderFoundException: Unable to create a Configuration, because no Jakarta Bean Validation provider could be found. Add a provider like Hibernate Validator (RI) to your classpath.
2025-01-19 14:43:01 [restartedMain] INFO  org.springframework.boot.devtools.autoconfigure.OptionalLiveReloadServer - LiveReload server is running on port 35729
2025-01-19 14:43:01 [restartedMain] INFO  org.apache.coyote.http11.Http11NioProtocol - Starting ProtocolHandler ["http-nio-8081"]
2025-01-19 14:43:01 [restartedMain] INFO  org.springframework.boot.web.embedded.tomcat.TomcatWebServer - Tomcat started on port 8081 (http) with context path '/'
2025-01-19 14:43:01 [restartedMain] INFO  com.tekarch.TafDatastoreService.TafDatastoreServiceApplication - Started TafDatastoreServiceApplication in 5.998 seconds (process running for 6.685)
2025-01-19 14:45:49 [http-nio-8081-exec-1] INFO  org.apache.catalina.core.ContainerBase.[Tomcat].[localhost].[/] - Initializing Spring DispatcherServlet 'dispatcherServlet'
2025-01-19 14:45:49 [http-nio-8081-exec-1] INFO  org.springframework.web.servlet.DispatcherServlet - Initializing Servlet 'dispatcherServlet'
2025-01-19 14:45:49 [http-nio-8081-exec-1] INFO  org.springframework.web.servlet.DispatcherServlet - Completed initialization in 1 ms
2025-01-19 14:45:49 [http-nio-8081-exec-1] WARN  org.springframework.web.servlet.mvc.support.DefaultHandlerExceptionResolver - Resolved [org.springframework.web.HttpRequestMethodNotSupportedException: Request method 'GET' is not supported]
2025-01-19 15:01:57 [restartedMain] INFO  com.tekarch.TafDatastoreService.TafDatastoreServiceApplication - Starting TafDatastoreServiceApplication using Java 23.0.1 with PID 15448 (C:\projects\TafDatastoreService\build\classes\java\main started by jpjan in C:\projects\TafDatastoreService)
2025-01-19 15:01:57 [restartedMain] INFO  com.tekarch.TafDatastoreService.TafDatastoreServiceApplication - No active profile set, falling back to 1 default profile: "default"
2025-01-19 15:01:57 [restartedMain] INFO  org.springframework.boot.devtools.env.DevToolsPropertyDefaultsPostProcessor - Devtools property defaults active! Set 'spring.devtools.add-properties' to 'false' to disable
2025-01-19 15:01:57 [restartedMain] INFO  org.springframework.boot.devtools.env.DevToolsPropertyDefaultsPostProcessor - For additional web related logging consider setting the 'logging.level.web' property to 'DEBUG'
2025-01-19 15:01:58 [restartedMain] INFO  org.springframework.data.repository.config.RepositoryConfigurationDelegate - Bootstrapping Spring Data JPA repositories in DEFAULT mode.
2025-01-19 15:01:58 [restartedMain] INFO  org.springframework.data.repository.config.RepositoryConfigurationDelegate - Finished Spring Data repository scanning in 36 ms. Found 3 JPA repository interfaces.
2025-01-19 15:01:58 [restartedMain] INFO  org.springframework.boot.web.embedded.tomcat.TomcatWebServer - Tomcat initialized with port 8081 (http)
2025-01-19 15:01:58 [restartedMain] INFO  org.apache.coyote.http11.Http11NioProtocol - Initializing ProtocolHandler ["http-nio-8081"]
2025-01-19 15:01:58 [restartedMain] INFO  org.apache.catalina.core.StandardService - Starting service [Tomcat]
2025-01-19 15:01:58 [restartedMain] INFO  org.apache.catalina.core.StandardEngine - Starting Servlet engine: [Apache Tomcat/10.1.34]
2025-01-19 15:01:59 [restartedMain] INFO  org.apache.catalina.core.ContainerBase.[Tomcat].[localhost].[/] - Initializing Spring embedded WebApplicationContext
2025-01-19 15:01:59 [restartedMain] INFO  org.springframework.boot.web.servlet.context.ServletWebServerApplicationContext - Root WebApplicationContext: initialization completed in 1582 ms
2025-01-19 15:01:59 [restartedMain] INFO  org.hibernate.jpa.internal.util.LogHelper - HHH000204: Processing PersistenceUnitInfo [name: default]
2025-01-19 15:01:59 [restartedMain] INFO  org.hibernate.Version - HHH000412: Hibernate ORM core version 6.6.4.Final
2025-01-19 15:01:59 [restartedMain] INFO  org.hibernate.cache.internal.RegionFactoryInitiator - HHH000026: Second-level cache disabled
2025-01-19 15:01:59 [restartedMain] INFO  org.springframework.orm.jpa.persistenceunit.SpringPersistenceUnitInfo - No LoadTimeWeaver setup: ignoring JPA class transformer
2025-01-19 15:01:59 [restartedMain] INFO  com.zaxxer.hikari.HikariDataSource - HikariPool-1 - Starting...
2025-01-19 15:02:00 [restartedMain] INFO  com.zaxxer.hikari.pool.HikariPool - HikariPool-1 - Added connection com.mysql.cj.jdbc.ConnectionImpl@620139f7
2025-01-19 15:02:00 [restartedMain] INFO  com.zaxxer.hikari.HikariDataSource - HikariPool-1 - Start completed.
2025-01-19 15:02:00 [restartedMain] WARN  org.hibernate.orm.deprecation - HHH90000025: MySQL8Dialect does not need to be specified explicitly using 'hibernate.dialect' (remove the property setting and it will be selected by default)
2025-01-19 15:02:00 [restartedMain] WARN  org.hibernate.orm.deprecation - HHH90000026: MySQL8Dialect has been deprecated; use org.hibernate.dialect.MySQLDialect instead
2025-01-19 15:02:00 [restartedMain] INFO  org.hibernate.orm.connections.pooling - HHH10001005: Database info:
	Database JDBC URL [Connecting through datasource 'HikariDataSource (HikariPool-1)']
	Database driver: undefined/unknown
	Database version: 8.0
	Autocommit mode: undefined/unknown
	Isolation level: undefined/unknown
	Minimum pool size: undefined/unknown
	Maximum pool size: undefined/unknown
2025-01-19 15:02:01 [restartedMain] INFO  org.hibernate.engine.transaction.jta.platform.internal.JtaPlatformInitiator - HHH000489: No JTA platform available (set 'hibernate.transaction.jta.platform' to enable JTA platform integration)
2025-01-19 15:02:01 [restartedMain] INFO  org.springframework.orm.jpa.LocalContainerEntityManagerFactoryBean - Initialized JPA EntityManagerFactory for persistence unit 'default'
2025-01-19 15:02:02 [restartedMain] WARN  org.springframework.boot.autoconfigure.orm.jpa.JpaBaseConfiguration$JpaWebConfiguration - spring.jpa.open-in-view is enabled by default. Therefore, database queries may be performed during view rendering. Explicitly configure spring.jpa.open-in-view to disable this warning
2025-01-19 15:02:02 [restartedMain] INFO  org.springframework.validation.beanvalidation.OptionalValidatorFactoryBean - Failed to set up a Bean Validation provider: jakarta.validation.NoProviderFoundException: Unable to create a Configuration, because no Jakarta Bean Validation provider could be found. Add a provider like Hibernate Validator (RI) to your classpath.
2025-01-19 15:02:03 [restartedMain] INFO  org.springframework.boot.devtools.autoconfigure.OptionalLiveReloadServer - LiveReload server is running on port 35729
2025-01-19 15:02:03 [restartedMain] INFO  org.apache.coyote.http11.Http11NioProtocol - Starting ProtocolHandler ["http-nio-8081"]
2025-01-19 15:02:03 [restartedMain] INFO  org.springframework.boot.web.embedded.tomcat.TomcatWebServer - Tomcat started on port 8081 (http) with context path '/'
2025-01-19 15:02:03 [restartedMain] INFO  com.tekarch.TafDatastoreService.TafDatastoreServiceApplication - Started TafDatastoreServiceApplication in 6.019 seconds (process running for 6.706)
2025-01-19 15:10:20 [http-nio-8081-exec-1] INFO  org.apache.catalina.core.ContainerBase.[Tomcat].[localhost].[/] - Initializing Spring DispatcherServlet 'dispatcherServlet'
2025-01-19 15:10:20 [http-nio-8081-exec-1] INFO  org.springframework.web.servlet.DispatcherServlet - Initializing Servlet 'dispatcherServlet'
2025-01-19 15:10:20 [http-nio-8081-exec-1] INFO  org.springframework.web.servlet.DispatcherServlet - Completed initialization in 1 ms
2025-01-19 15:10:20 [http-nio-8081-exec-1] DEBUG org.hibernate.SQL - 
    select
        u1_0.id,
        u1_0.created_at,
        u1_0.email,
        u1_0.phone,
        u1_0.updated_at,
        u1_0.username 
    from
        user u1_0 
    where
        u1_0.id=?
2025-01-19 15:11:09 [http-nio-8081-exec-3] DEBUG org.hibernate.SQL - 
    /* <criteria> */ select
        f1_0.id,
        f1_0.arrival,
        f1_0.arrival_time,
        f1_0.available_seats,
        f1_0.created_at,
        f1_0.departure,
        f1_0.departure_time,
        f1_0.flight_number,
        f1_0.price,
        f1_0.updated_at 
    from
        flight f1_0
2025-01-19 15:12:24 [http-nio-8081-exec-7] INFO  com.tekarch.TafDatastoreService.controller.BookingController - Creating booking for userId: 1 and flightId: 1
2025-01-19 15:12:24 [http-nio-8081-exec-7] DEBUG org.hibernate.SQL - 
    /* insert for
        com.tekarch.TafDatastoreService.model.Booking */insert 
    into
        booking (created_at, flight_id, status, updated_at, user_id) 
    values
        (?, ?, ?, ?, ?)
2025-01-19 15:12:24 [http-nio-8081-exec-7] INFO  com.tekarch.TafDatastoreService.controller.BookingController - Booking created successfully with id: 1
2025-01-19 15:17:58 [http-nio-8081-exec-10] INFO  com.tekarch.TafDatastoreService.controller.BookingController - Fetching booking with id: 1
2025-01-19 15:17:58 [http-nio-8081-exec-10] DEBUG org.hibernate.SQL - 
    select
        b1_0.id,
        b1_0.created_at,
        b1_0.flight_id,
        f1_0.id,
        f1_0.arrival,
        f1_0.arrival_time,
        f1_0.available_seats,
        f1_0.created_at,
        f1_0.departure,
        f1_0.departure_time,
        f1_0.flight_number,
        f1_0.price,
        f1_0.updated_at,
        b1_0.status,
        b1_0.updated_at,
        b1_0.user_id,
        u1_0.id,
        u1_0.created_at,
        u1_0.email,
        u1_0.phone,
        u1_0.updated_at,
        u1_0.username 
    from
        booking b1_0 
    join
        flight f1_0 
            on f1_0.id=b1_0.flight_id 
    join
        user u1_0 
            on u1_0.id=b1_0.user_id 
    where
        b1_0.id=?
2025-01-19 15:17:58 [http-nio-8081-exec-10] INFO  com.tekarch.TafDatastoreService.controller.BookingController - Booking found with id: 1
2025-01-19 15:18:29 [http-nio-8081-exec-9] INFO  com.tekarch.TafDatastoreService.controller.BookingController - Fetching booking with id: 1
2025-01-19 15:18:29 [http-nio-8081-exec-9] DEBUG org.hibernate.SQL - 
    select
        b1_0.id,
        b1_0.created_at,
        b1_0.flight_id,
        f1_0.id,
        f1_0.arrival,
        f1_0.arrival_time,
        f1_0.available_seats,
        f1_0.created_at,
        f1_0.departure,
        f1_0.departure_time,
        f1_0.flight_number,
        f1_0.price,
        f1_0.updated_at,
        b1_0.status,
        b1_0.updated_at,
        b1_0.user_id,
        u1_0.id,
        u1_0.created_at,
        u1_0.email,
        u1_0.phone,
        u1_0.updated_at,
        u1_0.username 
    from
        booking b1_0 
    join
        flight f1_0 
            on f1_0.id=b1_0.flight_id 
    join
        user u1_0 
            on u1_0.id=b1_0.user_id 
    where
        b1_0.id=?
2025-01-19 15:18:29 [http-nio-8081-exec-9] INFO  com.tekarch.TafDatastoreService.controller.BookingController - Booking found with id: 1
2025-01-19 15:22:23 [restartedMain] INFO  com.tekarch.TafDatastoreService.TafDatastoreServiceApplication - Starting TafDatastoreServiceApplication using Java 23.0.1 with PID 40044 (C:\projects\TafDatastoreService\build\classes\java\main started by jpjan in C:\projects\TafDatastoreService)
2025-01-19 15:22:23 [restartedMain] INFO  com.tekarch.TafDatastoreService.TafDatastoreServiceApplication - No active profile set, falling back to 1 default profile: "default"
2025-01-19 15:22:23 [restartedMain] INFO  org.springframework.boot.devtools.env.DevToolsPropertyDefaultsPostProcessor - Devtools property defaults active! Set 'spring.devtools.add-properties' to 'false' to disable
2025-01-19 15:22:23 [restartedMain] INFO  org.springframework.boot.devtools.env.DevToolsPropertyDefaultsPostProcessor - For additional web related logging consider setting the 'logging.level.web' property to 'DEBUG'
2025-01-19 15:22:23 [restartedMain] INFO  org.springframework.data.repository.config.RepositoryConfigurationDelegate - Bootstrapping Spring Data JPA repositories in DEFAULT mode.
2025-01-19 15:22:23 [restartedMain] INFO  org.springframework.data.repository.config.RepositoryConfigurationDelegate - Finished Spring Data repository scanning in 42 ms. Found 3 JPA repository interfaces.
2025-01-19 15:22:24 [restartedMain] INFO  org.springframework.boot.web.embedded.tomcat.TomcatWebServer - Tomcat initialized with port 8081 (http)
2025-01-19 15:22:24 [restartedMain] INFO  org.apache.coyote.http11.Http11NioProtocol - Initializing ProtocolHandler ["http-nio-8081"]
2025-01-19 15:22:24 [restartedMain] INFO  org.apache.catalina.core.StandardService - Starting service [Tomcat]
2025-01-19 15:22:24 [restartedMain] INFO  org.apache.catalina.core.StandardEngine - Starting Servlet engine: [Apache Tomcat/10.1.34]
2025-01-19 15:22:24 [restartedMain] INFO  org.apache.catalina.core.ContainerBase.[Tomcat].[localhost].[/] - Initializing Spring embedded WebApplicationContext
2025-01-19 15:22:24 [restartedMain] INFO  org.springframework.boot.web.servlet.context.ServletWebServerApplicationContext - Root WebApplicationContext: initialization completed in 1586 ms
2025-01-19 15:22:24 [restartedMain] INFO  org.hibernate.jpa.internal.util.LogHelper - HHH000204: Processing PersistenceUnitInfo [name: default]
2025-01-19 15:22:25 [restartedMain] INFO  org.hibernate.Version - HHH000412: Hibernate ORM core version 6.6.4.Final
2025-01-19 15:22:25 [restartedMain] INFO  org.hibernate.cache.internal.RegionFactoryInitiator - HHH000026: Second-level cache disabled
2025-01-19 15:22:25 [restartedMain] INFO  org.springframework.orm.jpa.persistenceunit.SpringPersistenceUnitInfo - No LoadTimeWeaver setup: ignoring JPA class transformer
2025-01-19 15:22:25 [restartedMain] INFO  com.zaxxer.hikari.HikariDataSource - HikariPool-1 - Starting...
2025-01-19 15:22:26 [restartedMain] INFO  com.zaxxer.hikari.pool.HikariPool - HikariPool-1 - Added connection com.mysql.cj.jdbc.ConnectionImpl@27098fd2
2025-01-19 15:22:26 [restartedMain] INFO  com.zaxxer.hikari.HikariDataSource - HikariPool-1 - Start completed.
2025-01-19 15:22:26 [restartedMain] WARN  org.hibernate.orm.deprecation - HHH90000025: MySQL8Dialect does not need to be specified explicitly using 'hibernate.dialect' (remove the property setting and it will be selected by default)
2025-01-19 15:22:26 [restartedMain] WARN  org.hibernate.orm.deprecation - HHH90000026: MySQL8Dialect has been deprecated; use org.hibernate.dialect.MySQLDialect instead
2025-01-19 15:22:26 [restartedMain] INFO  org.hibernate.orm.connections.pooling - HHH10001005: Database info:
	Database JDBC URL [Connecting through datasource 'HikariDataSource (HikariPool-1)']
	Database driver: undefined/unknown
	Database version: 8.0
	Autocommit mode: undefined/unknown
	Isolation level: undefined/unknown
	Minimum pool size: undefined/unknown
	Maximum pool size: undefined/unknown
2025-01-19 15:22:26 [restartedMain] INFO  org.hibernate.engine.transaction.jta.platform.internal.JtaPlatformInitiator - HHH000489: No JTA platform available (set 'hibernate.transaction.jta.platform' to enable JTA platform integration)
2025-01-19 15:22:27 [restartedMain] INFO  org.springframework.orm.jpa.LocalContainerEntityManagerFactoryBean - Initialized JPA EntityManagerFactory for persistence unit 'default'
2025-01-19 15:22:27 [restartedMain] WARN  org.springframework.boot.autoconfigure.orm.jpa.JpaBaseConfiguration$JpaWebConfiguration - spring.jpa.open-in-view is enabled by default. Therefore, database queries may be performed during view rendering. Explicitly configure spring.jpa.open-in-view to disable this warning
2025-01-19 15:22:27 [restartedMain] INFO  org.springframework.validation.beanvalidation.OptionalValidatorFactoryBean - Failed to set up a Bean Validation provider: jakarta.validation.NoProviderFoundException: Unable to create a Configuration, because no Jakarta Bean Validation provider could be found. Add a provider like Hibernate Validator (RI) to your classpath.
2025-01-19 15:22:28 [restartedMain] INFO  org.springframework.boot.devtools.autoconfigure.OptionalLiveReloadServer - LiveReload server is running on port 35729
2025-01-19 15:22:28 [restartedMain] INFO  org.apache.coyote.http11.Http11NioProtocol - Starting ProtocolHandler ["http-nio-8081"]
2025-01-19 15:22:28 [restartedMain] INFO  org.springframework.boot.web.embedded.tomcat.TomcatWebServer - Tomcat started on port 8081 (http) with context path '/'
2025-01-19 15:22:28 [restartedMain] INFO  com.tekarch.TafDatastoreService.TafDatastoreServiceApplication - Started TafDatastoreServiceApplication in 5.565 seconds (process running for 6.268)
2025-01-19 15:23:28 [http-nio-8081-exec-1] INFO  org.apache.catalina.core.ContainerBase.[Tomcat].[localhost].[/] - Initializing Spring DispatcherServlet 'dispatcherServlet'
2025-01-19 15:23:28 [http-nio-8081-exec-1] INFO  org.springframework.web.servlet.DispatcherServlet - Initializing Servlet 'dispatcherServlet'
2025-01-19 15:23:28 [http-nio-8081-exec-1] INFO  org.springframework.web.servlet.DispatcherServlet - Completed initialization in 0 ms
2025-01-19 15:23:28 [http-nio-8081-exec-1] INFO  com.tekarch.TafDatastoreService.controller.BookingController - Creating booking for userId: 3 and flightId: 1
2025-01-19 15:23:28 [http-nio-8081-exec-1] DEBUG org.hibernate.SQL - 
    /* insert for
        com.tekarch.TafDatastoreService.model.Booking */insert 
    into
        booking (created_at, flight_id, status, updated_at, user_id) 
    values
        (?, ?, ?, ?, ?)
2025-01-19 15:23:28 [http-nio-8081-exec-1] INFO  com.tekarch.TafDatastoreService.controller.BookingController - Booking created successfully with id: 2
2025-01-19 15:23:43 [http-nio-8081-exec-5] INFO  com.tekarch.TafDatastoreService.controller.BookingController - Fetching booking with id: 3
2025-01-19 15:23:44 [http-nio-8081-exec-5] DEBUG org.hibernate.SQL - 
    select
        b1_0.id,
        b1_0.created_at,
        b1_0.flight_id,
        f1_0.id,
        f1_0.arrival,
        f1_0.arrival_time,
        f1_0.available_seats,
        f1_0.created_at,
        f1_0.departure,
        f1_0.departure_time,
        f1_0.flight_number,
        f1_0.price,
        f1_0.updated_at,
        b1_0.status,
        b1_0.updated_at,
        b1_0.user_id,
        u1_0.id,
        u1_0.created_at,
        u1_0.email,
        u1_0.phone,
        u1_0.updated_at,
        u1_0.username 
    from
        booking b1_0 
    join
        flight f1_0 
            on f1_0.id=b1_0.flight_id 
    join
        user u1_0 
            on u1_0.id=b1_0.user_id 
    where
        b1_0.id=?
2025-01-19 15:23:44 [http-nio-8081-exec-5] WARN  com.tekarch.TafDatastoreService.controller.BookingController - Booking with id 3 not found
2025-01-19 15:24:00 [http-nio-8081-exec-3] INFO  com.tekarch.TafDatastoreService.controller.BookingController - Fetching booking with id: 1
2025-01-19 15:24:00 [http-nio-8081-exec-3] DEBUG org.hibernate.SQL - 
    select
        b1_0.id,
        b1_0.created_at,
        b1_0.flight_id,
        f1_0.id,
        f1_0.arrival,
        f1_0.arrival_time,
        f1_0.available_seats,
        f1_0.created_at,
        f1_0.departure,
        f1_0.departure_time,
        f1_0.flight_number,
        f1_0.price,
        f1_0.updated_at,
        b1_0.status,
        b1_0.updated_at,
        b1_0.user_id,
        u1_0.id,
        u1_0.created_at,
        u1_0.email,
        u1_0.phone,
        u1_0.updated_at,
        u1_0.username 
    from
        booking b1_0 
    join
        flight f1_0 
            on f1_0.id=b1_0.flight_id 
    join
        user u1_0 
            on u1_0.id=b1_0.user_id 
    where
        b1_0.id=?
2025-01-19 15:24:00 [http-nio-8081-exec-3] INFO  com.tekarch.TafDatastoreService.controller.BookingController - Booking found with id: 1
2025-01-19 15:24:20 [http-nio-8081-exec-9] INFO  com.tekarch.TafDatastoreService.controller.BookingController - Fetching booking with id: 2
2025-01-19 15:24:21 [http-nio-8081-exec-9] DEBUG org.hibernate.SQL - 
    select
        b1_0.id,
        b1_0.created_at,
        b1_0.flight_id,
        f1_0.id,
        f1_0.arrival,
        f1_0.arrival_time,
        f1_0.available_seats,
        f1_0.created_at,
        f1_0.departure,
        f1_0.departure_time,
        f1_0.flight_number,
        f1_0.price,
        f1_0.updated_at,
        b1_0.status,
        b1_0.updated_at,
        b1_0.user_id,
        u1_0.id,
        u1_0.created_at,
        u1_0.email,
        u1_0.phone,
        u1_0.updated_at,
        u1_0.username 
    from
        booking b1_0 
    join
        flight f1_0 
            on f1_0.id=b1_0.flight_id 
    join
        user u1_0 
            on u1_0.id=b1_0.user_id 
    where
        b1_0.id=?
2025-01-19 15:24:21 [http-nio-8081-exec-9] INFO  com.tekarch.TafDatastoreService.controller.BookingController - Booking found with id: 2
2025-01-19 15:25:45 [http-nio-8081-exec-4] INFO  com.tekarch.TafDatastoreService.controller.BookingController - Fetching bookings for userId: 1
2025-01-19 15:25:45 [http-nio-8081-exec-4] DEBUG org.hibernate.SQL - 
    /* <criteria> */ select
        b1_0.id,
        b1_0.created_at,
        b1_0.flight_id,
        b1_0.status,
        b1_0.updated_at,
        b1_0.user_id 
    from
        booking b1_0 
    left join
        user u1_0 
            on u1_0.id=b1_0.user_id 
    where
        u1_0.id=?
2025-01-19 15:25:45 [http-nio-8081-exec-4] DEBUG org.hibernate.SQL - 
    select
        f1_0.id,
        f1_0.arrival,
        f1_0.arrival_time,
        f1_0.available_seats,
        f1_0.created_at,
        f1_0.departure,
        f1_0.departure_time,
        f1_0.flight_number,
        f1_0.price,
        f1_0.updated_at 
    from
        flight f1_0 
    where
        f1_0.id=?
2025-01-19 15:25:45 [http-nio-8081-exec-4] DEBUG org.hibernate.SQL - 
    select
        u1_0.id,
        u1_0.created_at,
        u1_0.email,
        u1_0.phone,
        u1_0.updated_at,
        u1_0.username 
    from
        user u1_0 
    where
        u1_0.id=?
2025-01-19 15:25:45 [http-nio-8081-exec-4] INFO  com.tekarch.TafDatastoreService.controller.BookingController - Bookings found for userId: 1
2025-01-19 15:26:47 [http-nio-8081-exec-2] INFO  com.tekarch.TafDatastoreService.controller.BookingController - Creating booking for userId: 2 and flightId: 1
2025-01-19 15:26:47 [http-nio-8081-exec-2] DEBUG org.hibernate.SQL - 
    /* insert for
        com.tekarch.TafDatastoreService.model.Booking */insert 
    into
        booking (created_at, flight_id, status, updated_at, user_id) 
    values
        (?, ?, ?, ?, ?)
2025-01-19 15:26:47 [http-nio-8081-exec-2] INFO  com.tekarch.TafDatastoreService.controller.BookingController - Booking created successfully with id: 3
2025-01-19 15:26:56 [http-nio-8081-exec-1] INFO  com.tekarch.TafDatastoreService.controller.BookingController - Fetching booking with id: 3
2025-01-19 15:26:56 [http-nio-8081-exec-1] DEBUG org.hibernate.SQL - 
    select
        b1_0.id,
        b1_0.created_at,
        b1_0.flight_id,
        f1_0.id,
        f1_0.arrival,
        f1_0.arrival_time,
        f1_0.available_seats,
        f1_0.created_at,
        f1_0.departure,
        f1_0.departure_time,
        f1_0.flight_number,
        f1_0.price,
        f1_0.updated_at,
        b1_0.status,
        b1_0.updated_at,
        b1_0.user_id,
        u1_0.id,
        u1_0.created_at,
        u1_0.email,
        u1_0.phone,
        u1_0.updated_at,
        u1_0.username 
    from
        booking b1_0 
    join
        flight f1_0 
            on f1_0.id=b1_0.flight_id 
    join
        user u1_0 
            on u1_0.id=b1_0.user_id 
    where
        b1_0.id=?
2025-01-19 15:26:56 [http-nio-8081-exec-1] INFO  com.tekarch.TafDatastoreService.controller.BookingController - Booking found with id: 3
2025-01-19 15:27:04 [http-nio-8081-exec-5] INFO  com.tekarch.TafDatastoreService.controller.BookingController - Fetching booking with id: 2
2025-01-19 15:27:05 [http-nio-8081-exec-5] DEBUG org.hibernate.SQL - 
    select
        b1_0.id,
        b1_0.created_at,
        b1_0.flight_id,
        f1_0.id,
        f1_0.arrival,
        f1_0.arrival_time,
        f1_0.available_seats,
        f1_0.created_at,
        f1_0.departure,
        f1_0.departure_time,
        f1_0.flight_number,
        f1_0.price,
        f1_0.updated_at,
        b1_0.status,
        b1_0.updated_at,
        b1_0.user_id,
        u1_0.id,
        u1_0.created_at,
        u1_0.email,
        u1_0.phone,
        u1_0.updated_at,
        u1_0.username 
    from
        booking b1_0 
    join
        flight f1_0 
            on f1_0.id=b1_0.flight_id 
    join
        user u1_0 
            on u1_0.id=b1_0.user_id 
    where
        b1_0.id=?
2025-01-19 15:27:05 [http-nio-8081-exec-5] INFO  com.tekarch.TafDatastoreService.controller.BookingController - Booking found with id: 2
2025-01-19 15:27:09 [http-nio-8081-exec-3] INFO  com.tekarch.TafDatastoreService.controller.BookingController - Fetching booking with id: 1
2025-01-19 15:27:09 [http-nio-8081-exec-3] DEBUG org.hibernate.SQL - 
    select
        b1_0.id,
        b1_0.created_at,
        b1_0.flight_id,
        f1_0.id,
        f1_0.arrival,
        f1_0.arrival_time,
        f1_0.available_seats,
        f1_0.created_at,
        f1_0.departure,
        f1_0.departure_time,
        f1_0.flight_number,
        f1_0.price,
        f1_0.updated_at,
        b1_0.status,
        b1_0.updated_at,
        b1_0.user_id,
        u1_0.id,
        u1_0.created_at,
        u1_0.email,
        u1_0.phone,
        u1_0.updated_at,
        u1_0.username 
    from
        booking b1_0 
    join
        flight f1_0 
            on f1_0.id=b1_0.flight_id 
    join
        user u1_0 
            on u1_0.id=b1_0.user_id 
    where
        b1_0.id=?
2025-01-19 15:27:10 [http-nio-8081-exec-3] INFO  com.tekarch.TafDatastoreService.controller.BookingController - Booking found with id: 1
2025-01-19 15:27:43 [http-nio-8081-exec-9] DEBUG org.hibernate.SQL - 
    select
        u1_0.id,
        u1_0.created_at,
        u1_0.email,
        u1_0.phone,
        u1_0.updated_at,
        u1_0.username 
    from
        user u1_0 
    where
        u1_0.id=?
2025-01-19 15:28:44 [http-nio-8081-exec-7] DEBUG org.hibernate.SQL - 
    /* <criteria> */ select
        f1_0.id,
        f1_0.arrival,
        f1_0.arrival_time,
        f1_0.available_seats,
        f1_0.created_at,
        f1_0.departure,
        f1_0.departure_time,
        f1_0.flight_number,
        f1_0.price,
        f1_0.updated_at 
    from
        flight f1_0
2025-01-19 15:29:48 [http-nio-8081-exec-2] INFO  com.tekarch.TafDatastoreService.controller.BookingController - Creating booking for userId: 2 and flightId: 3
2025-01-19 15:29:48 [http-nio-8081-exec-2] DEBUG org.hibernate.SQL - 
    /* insert for
        com.tekarch.TafDatastoreService.model.Booking */insert 
    into
        booking (created_at, flight_id, status, updated_at, user_id) 
    values
        (?, ?, ?, ?, ?)
2025-01-19 15:29:48 [http-nio-8081-exec-2] INFO  com.tekarch.TafDatastoreService.controller.BookingController - Booking created successfully with id: 4
2025-01-19 15:30:00 [http-nio-8081-exec-1] INFO  com.tekarch.TafDatastoreService.controller.BookingController - Fetching bookings for userId: 2
2025-01-19 15:30:00 [http-nio-8081-exec-1] DEBUG org.hibernate.SQL - 
    /* <criteria> */ select
        b1_0.id,
        b1_0.created_at,
        b1_0.flight_id,
        b1_0.status,
        b1_0.updated_at,
        b1_0.user_id 
    from
        booking b1_0 
    left join
        user u1_0 
            on u1_0.id=b1_0.user_id 
    where
        u1_0.id=?
2025-01-19 15:30:01 [http-nio-8081-exec-1] DEBUG org.hibernate.SQL - 
    select
        f1_0.id,
        f1_0.arrival,
        f1_0.arrival_time,
        f1_0.available_seats,
        f1_0.created_at,
        f1_0.departure,
        f1_0.departure_time,
        f1_0.flight_number,
        f1_0.price,
        f1_0.updated_at 
    from
        flight f1_0 
    where
        f1_0.id=?
2025-01-19 15:30:01 [http-nio-8081-exec-1] DEBUG org.hibernate.SQL - 
    select
        u1_0.id,
        u1_0.created_at,
        u1_0.email,
        u1_0.phone,
        u1_0.updated_at,
        u1_0.username 
    from
        user u1_0 
    where
        u1_0.id=?
2025-01-19 15:30:01 [http-nio-8081-exec-1] DEBUG org.hibernate.SQL - 
    select
        f1_0.id,
        f1_0.arrival,
        f1_0.arrival_time,
        f1_0.available_seats,
        f1_0.created_at,
        f1_0.departure,
        f1_0.departure_time,
        f1_0.flight_number,
        f1_0.price,
        f1_0.updated_at 
    from
        flight f1_0 
    where
        f1_0.id=?
2025-01-19 15:30:01 [http-nio-8081-exec-1] INFO  com.tekarch.TafDatastoreService.controller.BookingController - Bookings found for userId: 2
2025-01-19 15:31:06 [http-nio-8081-exec-9] INFO  com.tekarch.TafDatastoreService.controller.BookingController - Fetching booking with id: 2
2025-01-19 15:31:06 [http-nio-8081-exec-9] DEBUG org.hibernate.SQL - 
    select
        b1_0.id,
        b1_0.created_at,
        b1_0.flight_id,
        f1_0.id,
        f1_0.arrival,
        f1_0.arrival_time,
        f1_0.available_seats,
        f1_0.created_at,
        f1_0.departure,
        f1_0.departure_time,
        f1_0.flight_number,
        f1_0.price,
        f1_0.updated_at,
        b1_0.status,
        b1_0.updated_at,
        b1_0.user_id,
        u1_0.id,
        u1_0.created_at,
        u1_0.email,
        u1_0.phone,
        u1_0.updated_at,
        u1_0.username 
    from
        booking b1_0 
    join
        flight f1_0 
            on f1_0.id=b1_0.flight_id 
    join
        user u1_0 
            on u1_0.id=b1_0.user_id 
    where
        b1_0.id=?
2025-01-19 15:31:06 [http-nio-8081-exec-9] INFO  com.tekarch.TafDatastoreService.controller.BookingController - Booking found with id: 2
2025-01-19 15:31:10 [http-nio-8081-exec-6] INFO  com.tekarch.TafDatastoreService.controller.BookingController - Fetching booking with id: 1
2025-01-19 15:31:10 [http-nio-8081-exec-6] DEBUG org.hibernate.SQL - 
    select
        b1_0.id,
        b1_0.created_at,
        b1_0.flight_id,
        f1_0.id,
        f1_0.arrival,
        f1_0.arrival_time,
        f1_0.available_seats,
        f1_0.created_at,
        f1_0.departure,
        f1_0.departure_time,
        f1_0.flight_number,
        f1_0.price,
        f1_0.updated_at,
        b1_0.status,
        b1_0.updated_at,
        b1_0.user_id,
        u1_0.id,
        u1_0.created_at,
        u1_0.email,
        u1_0.phone,
        u1_0.updated_at,
        u1_0.username 
    from
        booking b1_0 
    join
        flight f1_0 
            on f1_0.id=b1_0.flight_id 
    join
        user u1_0 
            on u1_0.id=b1_0.user_id 
    where
        b1_0.id=?
2025-01-19 15:31:10 [http-nio-8081-exec-6] INFO  com.tekarch.TafDatastoreService.controller.BookingController - Booking found with id: 1
2025-01-19 15:31:14 [http-nio-8081-exec-7] INFO  com.tekarch.TafDatastoreService.controller.BookingController - Fetching booking with id: 3
2025-01-19 15:31:14 [http-nio-8081-exec-7] DEBUG org.hibernate.SQL - 
    select
        b1_0.id,
        b1_0.created_at,
        b1_0.flight_id,
        f1_0.id,
        f1_0.arrival,
        f1_0.arrival_time,
        f1_0.available_seats,
        f1_0.created_at,
        f1_0.departure,
        f1_0.departure_time,
        f1_0.flight_number,
        f1_0.price,
        f1_0.updated_at,
        b1_0.status,
        b1_0.updated_at,
        b1_0.user_id,
        u1_0.id,
        u1_0.created_at,
        u1_0.email,
        u1_0.phone,
        u1_0.updated_at,
        u1_0.username 
    from
        booking b1_0 
    join
        flight f1_0 
            on f1_0.id=b1_0.flight_id 
    join
        user u1_0 
            on u1_0.id=b1_0.user_id 
    where
        b1_0.id=?
2025-01-19 15:31:14 [http-nio-8081-exec-7] INFO  com.tekarch.TafDatastoreService.controller.BookingController - Booking found with id: 3
2025-01-19 15:31:20 [http-nio-8081-exec-4] INFO  com.tekarch.TafDatastoreService.controller.BookingController - Fetching booking with id: 2
2025-01-19 15:31:20 [http-nio-8081-exec-4] DEBUG org.hibernate.SQL - 
    select
        b1_0.id,
        b1_0.created_at,
        b1_0.flight_id,
        f1_0.id,
        f1_0.arrival,
        f1_0.arrival_time,
        f1_0.available_seats,
        f1_0.created_at,
        f1_0.departure,
        f1_0.departure_time,
        f1_0.flight_number,
        f1_0.price,
        f1_0.updated_at,
        b1_0.status,
        b1_0.updated_at,
        b1_0.user_id,
        u1_0.id,
        u1_0.created_at,
        u1_0.email,
        u1_0.phone,
        u1_0.updated_at,
        u1_0.username 
    from
        booking b1_0 
    join
        flight f1_0 
            on f1_0.id=b1_0.flight_id 
    join
        user u1_0 
            on u1_0.id=b1_0.user_id 
    where
        b1_0.id=?
2025-01-19 15:31:21 [http-nio-8081-exec-4] INFO  com.tekarch.TafDatastoreService.controller.BookingController - Booking found with id: 2
2025-01-19 15:31:26 [http-nio-8081-exec-10] INFO  com.tekarch.TafDatastoreService.controller.BookingController - Fetching booking with id: 3
2025-01-19 15:31:26 [http-nio-8081-exec-10] DEBUG org.hibernate.SQL - 
    select
        b1_0.id,
        b1_0.created_at,
        b1_0.flight_id,
        f1_0.id,
        f1_0.arrival,
        f1_0.arrival_time,
        f1_0.available_seats,
        f1_0.created_at,
        f1_0.departure,
        f1_0.departure_time,
        f1_0.flight_number,
        f1_0.price,
        f1_0.updated_at,
        b1_0.status,
        b1_0.updated_at,
        b1_0.user_id,
        u1_0.id,
        u1_0.created_at,
        u1_0.email,
        u1_0.phone,
        u1_0.updated_at,
        u1_0.username 
    from
        booking b1_0 
    join
        flight f1_0 
            on f1_0.id=b1_0.flight_id 
    join
        user u1_0 
            on u1_0.id=b1_0.user_id 
    where
        b1_0.id=?
2025-01-19 15:31:26 [http-nio-8081-exec-10] INFO  com.tekarch.TafDatastoreService.controller.BookingController - Booking found with id: 3
2025-01-19 15:31:35 [http-nio-8081-exec-8] INFO  com.tekarch.TafDatastoreService.controller.BookingController - Fetching bookings for userId: 2
2025-01-19 15:31:35 [http-nio-8081-exec-8] DEBUG org.hibernate.SQL - 
    /* <criteria> */ select
        b1_0.id,
        b1_0.created_at,
        b1_0.flight_id,
        b1_0.status,
        b1_0.updated_at,
        b1_0.user_id 
    from
        booking b1_0 
    left join
        user u1_0 
            on u1_0.id=b1_0.user_id 
    where
        u1_0.id=?
2025-01-19 15:31:35 [http-nio-8081-exec-8] DEBUG org.hibernate.SQL - 
    select
        f1_0.id,
        f1_0.arrival,
        f1_0.arrival_time,
        f1_0.available_seats,
        f1_0.created_at,
        f1_0.departure,
        f1_0.departure_time,
        f1_0.flight_number,
        f1_0.price,
        f1_0.updated_at 
    from
        flight f1_0 
    where
        f1_0.id=?
2025-01-19 15:31:35 [http-nio-8081-exec-8] DEBUG org.hibernate.SQL - 
    select
        u1_0.id,
        u1_0.created_at,
        u1_0.email,
        u1_0.phone,
        u1_0.updated_at,
        u1_0.username 
    from
        user u1_0 
    where
        u1_0.id=?
2025-01-19 15:31:35 [http-nio-8081-exec-8] DEBUG org.hibernate.SQL - 
    select
        f1_0.id,
        f1_0.arrival,
        f1_0.arrival_time,
        f1_0.available_seats,
        f1_0.created_at,
        f1_0.departure,
        f1_0.departure_time,
        f1_0.flight_number,
        f1_0.price,
        f1_0.updated_at 
    from
        flight f1_0 
    where
        f1_0.id=?
2025-01-19 15:31:35 [http-nio-8081-exec-8] INFO  com.tekarch.TafDatastoreService.controller.BookingController - Bookings found for userId: 2
2025-01-19 15:31:52 [http-nio-8081-exec-2] INFO  com.tekarch.TafDatastoreService.controller.BookingController - Fetching booking with id: 3
2025-01-19 15:31:52 [http-nio-8081-exec-2] DEBUG org.hibernate.SQL - 
    select
        b1_0.id,
        b1_0.created_at,
        b1_0.flight_id,
        f1_0.id,
        f1_0.arrival,
        f1_0.arrival_time,
        f1_0.available_seats,
        f1_0.created_at,
        f1_0.departure,
        f1_0.departure_time,
        f1_0.flight_number,
        f1_0.price,
        f1_0.updated_at,
        b1_0.status,
        b1_0.updated_at,
        b1_0.user_id,
        u1_0.id,
        u1_0.created_at,
        u1_0.email,
        u1_0.phone,
        u1_0.updated_at,
        u1_0.username 
    from
        booking b1_0 
    join
        flight f1_0 
            on f1_0.id=b1_0.flight_id 
    join
        user u1_0 
            on u1_0.id=b1_0.user_id 
    where
        b1_0.id=?
2025-01-19 15:31:52 [http-nio-8081-exec-2] INFO  com.tekarch.TafDatastoreService.controller.BookingController - Booking found with id: 3
2025-01-19 15:32:19 [http-nio-8081-exec-1] INFO  com.tekarch.TafDatastoreService.controller.BookingController - Cancelling booking with id: 1
2025-01-19 15:32:19 [http-nio-8081-exec-1] DEBUG org.hibernate.SQL - 
    select
        b1_0.id,
        b1_0.created_at,
        b1_0.flight_id,
        f1_0.id,
        f1_0.arrival,
        f1_0.arrival_time,
        f1_0.available_seats,
        f1_0.created_at,
        f1_0.departure,
        f1_0.departure_time,
        f1_0.flight_number,
        f1_0.price,
        f1_0.updated_at,
        b1_0.status,
        b1_0.updated_at,
        b1_0.user_id,
        u1_0.id,
        u1_0.created_at,
        u1_0.email,
        u1_0.phone,
        u1_0.updated_at,
        u1_0.username 
    from
        booking b1_0 
    join
        flight f1_0 
            on f1_0.id=b1_0.flight_id 
    join
        user u1_0 
            on u1_0.id=b1_0.user_id 
    where
        b1_0.id=?
2025-01-19 15:32:19 [http-nio-8081-exec-1] DEBUG org.hibernate.SQL - 
    /* update
        for com.tekarch.TafDatastoreService.model.Booking */update booking 
    set
        created_at=?,
        flight_id=?,
        status=?,
        updated_at=?,
        user_id=? 
    where
        id=?
2025-01-19 15:32:19 [http-nio-8081-exec-1] INFO  com.tekarch.TafDatastoreService.controller.BookingController - Booking with id: 1 has been cancelled
2025-01-19 15:32:37 [http-nio-8081-exec-5] INFO  com.tekarch.TafDatastoreService.controller.BookingController - Fetching booking with id: 1
2025-01-19 15:32:37 [http-nio-8081-exec-5] DEBUG org.hibernate.SQL - 
    select
        b1_0.id,
        b1_0.created_at,
        b1_0.flight_id,
        f1_0.id,
        f1_0.arrival,
        f1_0.arrival_time,
        f1_0.available_seats,
        f1_0.created_at,
        f1_0.departure,
        f1_0.departure_time,
        f1_0.flight_number,
        f1_0.price,
        f1_0.updated_at,
        b1_0.status,
        b1_0.updated_at,
        b1_0.user_id,
        u1_0.id,
        u1_0.created_at,
        u1_0.email,
        u1_0.phone,
        u1_0.updated_at,
        u1_0.username 
    from
        booking b1_0 
    join
        flight f1_0 
            on f1_0.id=b1_0.flight_id 
    join
        user u1_0 
            on u1_0.id=b1_0.user_id 
    where
        b1_0.id=?
2025-01-19 15:32:37 [http-nio-8081-exec-5] INFO  com.tekarch.TafDatastoreService.controller.BookingController - Booking found with id: 1
2025-01-19 15:32:46 [http-nio-8081-exec-3] INFO  com.tekarch.TafDatastoreService.controller.BookingController - Fetching bookings for userId: 1
2025-01-19 15:32:46 [http-nio-8081-exec-3] DEBUG org.hibernate.SQL - 
    /* <criteria> */ select
        b1_0.id,
        b1_0.created_at,
        b1_0.flight_id,
        b1_0.status,
        b1_0.updated_at,
        b1_0.user_id 
    from
        booking b1_0 
    left join
        user u1_0 
            on u1_0.id=b1_0.user_id 
    where
        u1_0.id=?
2025-01-19 15:32:46 [http-nio-8081-exec-3] DEBUG org.hibernate.SQL - 
    select
        f1_0.id,
        f1_0.arrival,
        f1_0.arrival_time,
        f1_0.available_seats,
        f1_0.created_at,
        f1_0.departure,
        f1_0.departure_time,
        f1_0.flight_number,
        f1_0.price,
        f1_0.updated_at 
    from
        flight f1_0 
    where
        f1_0.id=?
2025-01-19 15:32:46 [http-nio-8081-exec-3] DEBUG org.hibernate.SQL - 
    select
        u1_0.id,
        u1_0.created_at,
        u1_0.email,
        u1_0.phone,
        u1_0.updated_at,
        u1_0.username 
    from
        user u1_0 
    where
        u1_0.id=?
2025-01-19 15:32:46 [http-nio-8081-exec-3] INFO  com.tekarch.TafDatastoreService.controller.BookingController - Bookings found for userId: 1
2025-01-19 15:33:05 [http-nio-8081-exec-9] INFO  com.tekarch.TafDatastoreService.controller.BookingController - Fetching bookings for userId: 2
2025-01-19 15:33:05 [http-nio-8081-exec-9] DEBUG org.hibernate.SQL - 
    /* <criteria> */ select
        b1_0.id,
        b1_0.created_at,
        b1_0.flight_id,
        b1_0.status,
        b1_0.updated_at,
        b1_0.user_id 
    from
        booking b1_0 
    left join
        user u1_0 
            on u1_0.id=b1_0.user_id 
    where
        u1_0.id=?
2025-01-19 15:33:05 [http-nio-8081-exec-9] DEBUG org.hibernate.SQL - 
    select
        f1_0.id,
        f1_0.arrival,
        f1_0.arrival_time,
        f1_0.available_seats,
        f1_0.created_at,
        f1_0.departure,
        f1_0.departure_time,
        f1_0.flight_number,
        f1_0.price,
        f1_0.updated_at 
    from
        flight f1_0 
    where
        f1_0.id=?
2025-01-19 15:33:05 [http-nio-8081-exec-9] DEBUG org.hibernate.SQL - 
    select
        u1_0.id,
        u1_0.created_at,
        u1_0.email,
        u1_0.phone,
        u1_0.updated_at,
        u1_0.username 
    from
        user u1_0 
    where
        u1_0.id=?
2025-01-19 15:33:05 [http-nio-8081-exec-9] DEBUG org.hibernate.SQL - 
    select
        f1_0.id,
        f1_0.arrival,
        f1_0.arrival_time,
        f1_0.available_seats,
        f1_0.created_at,
        f1_0.departure,
        f1_0.departure_time,
        f1_0.flight_number,
        f1_0.price,
        f1_0.updated_at 
    from
        flight f1_0 
    where
        f1_0.id=?
2025-01-19 15:33:05 [http-nio-8081-exec-9] INFO  com.tekarch.TafDatastoreService.controller.BookingController - Bookings found for userId: 2
2025-01-19 15:33:13 [http-nio-8081-exec-6] INFO  com.tekarch.TafDatastoreService.controller.BookingController - Fetching bookings for userId: 1
2025-01-19 15:33:13 [http-nio-8081-exec-6] DEBUG org.hibernate.SQL - 
    /* <criteria> */ select
        b1_0.id,
        b1_0.created_at,
        b1_0.flight_id,
        b1_0.status,
        b1_0.updated_at,
        b1_0.user_id 
    from
        booking b1_0 
    left join
        user u1_0 
            on u1_0.id=b1_0.user_id 
    where
        u1_0.id=?
2025-01-19 15:33:13 [http-nio-8081-exec-6] DEBUG org.hibernate.SQL - 
    select
        f1_0.id,
        f1_0.arrival,
        f1_0.arrival_time,
        f1_0.available_seats,
        f1_0.created_at,
        f1_0.departure,
        f1_0.departure_time,
        f1_0.flight_number,
        f1_0.price,
        f1_0.updated_at 
    from
        flight f1_0 
    where
        f1_0.id=?
2025-01-19 15:33:13 [http-nio-8081-exec-6] DEBUG org.hibernate.SQL - 
    select
        u1_0.id,
        u1_0.created_at,
        u1_0.email,
        u1_0.phone,
        u1_0.updated_at,
        u1_0.username 
    from
        user u1_0 
    where
        u1_0.id=?
2025-01-19 15:33:13 [http-nio-8081-exec-6] INFO  com.tekarch.TafDatastoreService.controller.BookingController - Bookings found for userId: 1
2025-01-19 15:33:18 [http-nio-8081-exec-7] INFO  com.tekarch.TafDatastoreService.controller.BookingController - Fetching bookings for userId: 1
2025-01-19 15:33:18 [http-nio-8081-exec-7] DEBUG org.hibernate.SQL - 
    /* <criteria> */ select
        b1_0.id,
        b1_0.created_at,
        b1_0.flight_id,
        b1_0.status,
        b1_0.updated_at,
        b1_0.user_id 
    from
        booking b1_0 
    left join
        user u1_0 
            on u1_0.id=b1_0.user_id 
    where
        u1_0.id=?
2025-01-19 15:33:18 [http-nio-8081-exec-7] DEBUG org.hibernate.SQL - 
    select
        f1_0.id,
        f1_0.arrival,
        f1_0.arrival_time,
        f1_0.available_seats,
        f1_0.created_at,
        f1_0.departure,
        f1_0.departure_time,
        f1_0.flight_number,
        f1_0.price,
        f1_0.updated_at 
    from
        flight f1_0 
    where
        f1_0.id=?
2025-01-19 15:33:18 [http-nio-8081-exec-7] DEBUG org.hibernate.SQL - 
    select
        u1_0.id,
        u1_0.created_at,
        u1_0.email,
        u1_0.phone,
        u1_0.updated_at,
        u1_0.username 
    from
        user u1_0 
    where
        u1_0.id=?
2025-01-19 15:33:18 [http-nio-8081-exec-7] INFO  com.tekarch.TafDatastoreService.controller.BookingController - Bookings found for userId: 1
2025-01-19 15:38:06 [restartedMain] INFO  com.tekarch.TafDatastoreService.TafDatastoreServiceApplication - Starting TafDatastoreServiceApplication using Java 23.0.1 with PID 33268 (C:\projects\TafDatastoreService\build\classes\java\main started by jpjan in C:\projects\TafDatastoreService)
2025-01-19 15:38:06 [restartedMain] INFO  com.tekarch.TafDatastoreService.TafDatastoreServiceApplication - No active profile set, falling back to 1 default profile: "default"
2025-01-19 15:38:06 [restartedMain] INFO  org.springframework.boot.devtools.env.DevToolsPropertyDefaultsPostProcessor - Devtools property defaults active! Set 'spring.devtools.add-properties' to 'false' to disable
2025-01-19 15:38:06 [restartedMain] INFO  org.springframework.boot.devtools.env.DevToolsPropertyDefaultsPostProcessor - For additional web related logging consider setting the 'logging.level.web' property to 'DEBUG'
2025-01-19 15:38:07 [restartedMain] INFO  org.springframework.data.repository.config.RepositoryConfigurationDelegate - Bootstrapping Spring Data JPA repositories in DEFAULT mode.
2025-01-19 15:38:07 [restartedMain] INFO  org.springframework.data.repository.config.RepositoryConfigurationDelegate - Finished Spring Data repository scanning in 37 ms. Found 3 JPA repository interfaces.
2025-01-19 15:38:08 [restartedMain] INFO  org.springframework.boot.web.embedded.tomcat.TomcatWebServer - Tomcat initialized with port 8081 (http)
2025-01-19 15:38:08 [restartedMain] INFO  org.apache.coyote.http11.Http11NioProtocol - Initializing ProtocolHandler ["http-nio-8081"]
2025-01-19 15:38:08 [restartedMain] INFO  org.apache.catalina.core.StandardService - Starting service [Tomcat]
2025-01-19 15:38:08 [restartedMain] INFO  org.apache.catalina.core.StandardEngine - Starting Servlet engine: [Apache Tomcat/10.1.34]
2025-01-19 15:38:08 [restartedMain] INFO  org.apache.catalina.core.ContainerBase.[Tomcat].[localhost].[/] - Initializing Spring embedded WebApplicationContext
2025-01-19 15:38:08 [restartedMain] INFO  org.springframework.boot.web.servlet.context.ServletWebServerApplicationContext - Root WebApplicationContext: initialization completed in 1585 ms
2025-01-19 15:38:08 [restartedMain] INFO  org.hibernate.jpa.internal.util.LogHelper - HHH000204: Processing PersistenceUnitInfo [name: default]
2025-01-19 15:38:08 [restartedMain] INFO  org.hibernate.Version - HHH000412: Hibernate ORM core version 6.6.4.Final
2025-01-19 15:38:08 [restartedMain] INFO  org.hibernate.cache.internal.RegionFactoryInitiator - HHH000026: Second-level cache disabled
2025-01-19 15:38:09 [restartedMain] INFO  org.springframework.orm.jpa.persistenceunit.SpringPersistenceUnitInfo - No LoadTimeWeaver setup: ignoring JPA class transformer
2025-01-19 15:38:09 [restartedMain] INFO  com.zaxxer.hikari.HikariDataSource - HikariPool-1 - Starting...
2025-01-19 15:38:09 [restartedMain] INFO  com.zaxxer.hikari.pool.HikariPool - HikariPool-1 - Added connection com.mysql.cj.jdbc.ConnectionImpl@5f582678
2025-01-19 15:38:09 [restartedMain] INFO  com.zaxxer.hikari.HikariDataSource - HikariPool-1 - Start completed.
2025-01-19 15:38:10 [restartedMain] WARN  org.hibernate.orm.deprecation - HHH90000025: MySQL8Dialect does not need to be specified explicitly using 'hibernate.dialect' (remove the property setting and it will be selected by default)
2025-01-19 15:38:10 [restartedMain] WARN  org.hibernate.orm.deprecation - HHH90000026: MySQL8Dialect has been deprecated; use org.hibernate.dialect.MySQLDialect instead
2025-01-19 15:38:10 [restartedMain] INFO  org.hibernate.orm.connections.pooling - HHH10001005: Database info:
	Database JDBC URL [Connecting through datasource 'HikariDataSource (HikariPool-1)']
	Database driver: undefined/unknown
	Database version: 8.0
	Autocommit mode: undefined/unknown
	Isolation level: undefined/unknown
	Minimum pool size: undefined/unknown
	Maximum pool size: undefined/unknown
2025-01-19 15:38:10 [restartedMain] INFO  org.hibernate.engine.transaction.jta.platform.internal.JtaPlatformInitiator - HHH000489: No JTA platform available (set 'hibernate.transaction.jta.platform' to enable JTA platform integration)
2025-01-19 15:38:10 [restartedMain] INFO  org.springframework.orm.jpa.LocalContainerEntityManagerFactoryBean - Initialized JPA EntityManagerFactory for persistence unit 'default'
2025-01-19 15:38:11 [restartedMain] WARN  org.springframework.boot.autoconfigure.orm.jpa.JpaBaseConfiguration$JpaWebConfiguration - spring.jpa.open-in-view is enabled by default. Therefore, database queries may be performed during view rendering. Explicitly configure spring.jpa.open-in-view to disable this warning
2025-01-19 15:38:11 [restartedMain] INFO  org.springframework.validation.beanvalidation.OptionalValidatorFactoryBean - Failed to set up a Bean Validation provider: jakarta.validation.NoProviderFoundException: Unable to create a Configuration, because no Jakarta Bean Validation provider could be found. Add a provider like Hibernate Validator (RI) to your classpath.
2025-01-19 15:38:12 [restartedMain] INFO  org.springframework.boot.devtools.autoconfigure.OptionalLiveReloadServer - LiveReload server is running on port 35729
2025-01-19 15:38:12 [restartedMain] INFO  org.apache.coyote.http11.Http11NioProtocol - Starting ProtocolHandler ["http-nio-8081"]
2025-01-19 15:38:12 [restartedMain] INFO  org.springframework.boot.web.embedded.tomcat.TomcatWebServer - Tomcat started on port 8081 (http) with context path '/'
2025-01-19 15:38:12 [restartedMain] INFO  com.tekarch.TafDatastoreService.TafDatastoreServiceApplication - Started TafDatastoreServiceApplication in 5.573 seconds (process running for 6.254)
2025-01-19 15:38:49 [http-nio-8081-exec-1] INFO  org.apache.catalina.core.ContainerBase.[Tomcat].[localhost].[/] - Initializing Spring DispatcherServlet 'dispatcherServlet'
2025-01-19 15:38:49 [http-nio-8081-exec-1] INFO  org.springframework.web.servlet.DispatcherServlet - Initializing Servlet 'dispatcherServlet'
2025-01-19 15:38:49 [http-nio-8081-exec-1] INFO  org.springframework.web.servlet.DispatcherServlet - Completed initialization in 1 ms
2025-01-19 15:38:49 [http-nio-8081-exec-1] INFO  com.tekarch.TafDatastoreService.controller.BookingController - Creating booking for userId: 1 and flightId: 1
2025-01-19 15:38:49 [http-nio-8081-exec-1] DEBUG org.hibernate.SQL - 
    /* insert for
        com.tekarch.TafDatastoreService.model.Booking */insert 
    into
        booking (created_at, flight_id, status, updated_at, user_id) 
    values
        (?, ?, ?, ?, ?)
2025-01-19 15:38:49 [http-nio-8081-exec-1] INFO  com.tekarch.TafDatastoreService.controller.BookingController - Booking created successfully with id: 5
2025-01-19 15:39:02 [http-nio-8081-exec-6] INFO  com.tekarch.TafDatastoreService.controller.BookingController - Fetching booking with id: 1
2025-01-19 15:39:02 [http-nio-8081-exec-6] DEBUG org.hibernate.SQL - 
    select
        b1_0.id,
        b1_0.created_at,
        b1_0.flight_id,
        f1_0.id,
        f1_0.arrival,
        f1_0.arrival_time,
        f1_0.available_seats,
        f1_0.created_at,
        f1_0.departure,
        f1_0.departure_time,
        f1_0.flight_number,
        f1_0.price,
        f1_0.updated_at,
        b1_0.status,
        b1_0.updated_at,
        b1_0.user_id,
        u1_0.id,
        u1_0.created_at,
        u1_0.email,
        u1_0.phone,
        u1_0.updated_at,
        u1_0.username 
    from
        booking b1_0 
    join
        flight f1_0 
            on f1_0.id=b1_0.flight_id 
    join
        user u1_0 
            on u1_0.id=b1_0.user_id 
    where
        b1_0.id=?
2025-01-19 15:39:02 [http-nio-8081-exec-6] INFO  com.tekarch.TafDatastoreService.controller.BookingController - Booking found with id: 1
2025-01-19 15:39:10 [http-nio-8081-exec-8] INFO  com.tekarch.TafDatastoreService.controller.BookingController - Cancelling booking with id: 1
2025-01-19 15:39:10 [http-nio-8081-exec-8] DEBUG org.hibernate.SQL - 
    select
        b1_0.id,
        b1_0.created_at,
        b1_0.flight_id,
        f1_0.id,
        f1_0.arrival,
        f1_0.arrival_time,
        f1_0.available_seats,
        f1_0.created_at,
        f1_0.departure,
        f1_0.departure_time,
        f1_0.flight_number,
        f1_0.price,
        f1_0.updated_at,
        b1_0.status,
        b1_0.updated_at,
        b1_0.user_id,
        u1_0.id,
        u1_0.created_at,
        u1_0.email,
        u1_0.phone,
        u1_0.updated_at,
        u1_0.username 
    from
        booking b1_0 
    join
        flight f1_0 
            on f1_0.id=b1_0.flight_id 
    join
        user u1_0 
            on u1_0.id=b1_0.user_id 
    where
        b1_0.id=?
2025-01-19 15:39:10 [http-nio-8081-exec-8] DEBUG org.hibernate.SQL - 
    /* update
        for com.tekarch.TafDatastoreService.model.Booking */update booking 
    set
        created_at=?,
        flight_id=?,
        status=?,
        updated_at=?,
        user_id=? 
    where
        id=?
2025-01-19 15:39:10 [http-nio-8081-exec-8] INFO  com.tekarch.TafDatastoreService.controller.BookingController - Booking with id: 1 has been cancelled
2025-01-19 15:42:29 [http-nio-8081-exec-7] DEBUG org.hibernate.SQL - 
    select
        u1_0.id,
        u1_0.created_at,
        u1_0.email,
        u1_0.phone,
        u1_0.updated_at,
        u1_0.username 
    from
        user u1_0 
    where
        u1_0.id=?
2025-01-19 15:43:00 [http-nio-8081-exec-9] DEBUG org.hibernate.SQL - 
    /* select
        count(*) 
    from
        User x 
    WHERE
        x.id = :id */ select
            count(*) 
        from
            user u1_0 
        where
            u1_0.id=?
2025-01-19 15:43:00 [http-nio-8081-exec-9] DEBUG org.hibernate.SQL - 
    select
        u1_0.id,
        u1_0.created_at,
        u1_0.email,
        u1_0.phone,
        u1_0.updated_at,
        u1_0.username 
    from
        user u1_0 
    where
        u1_0.id=?
2025-01-19 15:43:00 [http-nio-8081-exec-9] DEBUG org.hibernate.SQL - 
    /* update
        for com.tekarch.TafDatastoreService.model.User */update user 
    set
        created_at=?,
        email=?,
        phone=?,
        updated_at=?,
        username=? 
    where
        id=?
2025-01-19 15:43:18 [http-nio-8081-exec-4] DEBUG org.hibernate.SQL - 
    select
        u1_0.id,
        u1_0.created_at,
        u1_0.email,
        u1_0.phone,
        u1_0.updated_at,
        u1_0.username 
    from
        user u1_0 
    where
        u1_0.id=?
2025-01-19 15:47:19 [http-nio-8081-exec-1] DEBUG org.hibernate.SQL - 
    /* insert for
        com.tekarch.TafDatastoreService.model.User */insert 
    into
        user (created_at, email, phone, updated_at, username) 
    values
        (?, ?, ?, ?, ?)
2025-01-19 15:51:35 [restartedMain] INFO  com.tekarch.TafDatastoreService.TafDatastoreServiceApplication - Starting TafDatastoreServiceApplication using Java 23.0.1 with PID 75676 (C:\projects\TafDatastoreService\build\classes\java\main started by jpjan in C:\projects\TafDatastoreService)
2025-01-19 15:51:35 [restartedMain] INFO  com.tekarch.TafDatastoreService.TafDatastoreServiceApplication - No active profile set, falling back to 1 default profile: "default"
2025-01-19 15:51:35 [restartedMain] INFO  org.springframework.boot.devtools.env.DevToolsPropertyDefaultsPostProcessor - Devtools property defaults active! Set 'spring.devtools.add-properties' to 'false' to disable
2025-01-19 15:51:35 [restartedMain] INFO  org.springframework.boot.devtools.env.DevToolsPropertyDefaultsPostProcessor - For additional web related logging consider setting the 'logging.level.web' property to 'DEBUG'
2025-01-19 15:51:36 [restartedMain] INFO  org.springframework.data.repository.config.RepositoryConfigurationDelegate - Bootstrapping Spring Data JPA repositories in DEFAULT mode.
2025-01-19 15:51:36 [restartedMain] INFO  org.springframework.data.repository.config.RepositoryConfigurationDelegate - Finished Spring Data repository scanning in 39 ms. Found 3 JPA repository interfaces.
2025-01-19 15:51:36 [restartedMain] INFO  org.springframework.boot.web.embedded.tomcat.TomcatWebServer - Tomcat initialized with port 8081 (http)
2025-01-19 15:51:36 [restartedMain] INFO  org.apache.coyote.http11.Http11NioProtocol - Initializing ProtocolHandler ["http-nio-8081"]
2025-01-19 15:51:36 [restartedMain] INFO  org.apache.catalina.core.StandardService - Starting service [Tomcat]
2025-01-19 15:51:36 [restartedMain] INFO  org.apache.catalina.core.StandardEngine - Starting Servlet engine: [Apache Tomcat/10.1.34]
2025-01-19 15:51:37 [restartedMain] INFO  org.apache.catalina.core.ContainerBase.[Tomcat].[localhost].[/] - Initializing Spring embedded WebApplicationContext
2025-01-19 15:51:37 [restartedMain] INFO  org.springframework.boot.web.servlet.context.ServletWebServerApplicationContext - Root WebApplicationContext: initialization completed in 1574 ms
2025-01-19 15:51:37 [restartedMain] INFO  org.hibernate.jpa.internal.util.LogHelper - HHH000204: Processing PersistenceUnitInfo [name: default]
2025-01-19 15:51:37 [restartedMain] INFO  org.hibernate.Version - HHH000412: Hibernate ORM core version 6.6.4.Final
2025-01-19 15:51:37 [restartedMain] INFO  org.hibernate.cache.internal.RegionFactoryInitiator - HHH000026: Second-level cache disabled
2025-01-19 15:51:37 [restartedMain] INFO  org.springframework.orm.jpa.persistenceunit.SpringPersistenceUnitInfo - No LoadTimeWeaver setup: ignoring JPA class transformer
2025-01-19 15:51:37 [restartedMain] INFO  com.zaxxer.hikari.HikariDataSource - HikariPool-1 - Starting...
2025-01-19 15:51:38 [restartedMain] INFO  com.zaxxer.hikari.pool.HikariPool - HikariPool-1 - Added connection com.mysql.cj.jdbc.ConnectionImpl@5f88582c
2025-01-19 15:51:38 [restartedMain] INFO  com.zaxxer.hikari.HikariDataSource - HikariPool-1 - Start completed.
2025-01-19 15:51:38 [restartedMain] WARN  org.hibernate.orm.deprecation - HHH90000025: MySQL8Dialect does not need to be specified explicitly using 'hibernate.dialect' (remove the property setting and it will be selected by default)
2025-01-19 15:51:38 [restartedMain] WARN  org.hibernate.orm.deprecation - HHH90000026: MySQL8Dialect has been deprecated; use org.hibernate.dialect.MySQLDialect instead
2025-01-19 15:51:38 [restartedMain] INFO  org.hibernate.orm.connections.pooling - HHH10001005: Database info:
	Database JDBC URL [Connecting through datasource 'HikariDataSource (HikariPool-1)']
	Database driver: undefined/unknown
	Database version: 8.0
	Autocommit mode: undefined/unknown
	Isolation level: undefined/unknown
	Minimum pool size: undefined/unknown
	Maximum pool size: undefined/unknown
2025-01-19 15:51:39 [restartedMain] INFO  org.hibernate.engine.transaction.jta.platform.internal.JtaPlatformInitiator - HHH000489: No JTA platform available (set 'hibernate.transaction.jta.platform' to enable JTA platform integration)
2025-01-19 15:51:39 [restartedMain] INFO  org.springframework.orm.jpa.LocalContainerEntityManagerFactoryBean - Initialized JPA EntityManagerFactory for persistence unit 'default'
2025-01-19 15:51:39 [restartedMain] WARN  org.springframework.boot.autoconfigure.orm.jpa.JpaBaseConfiguration$JpaWebConfiguration - spring.jpa.open-in-view is enabled by default. Therefore, database queries may be performed during view rendering. Explicitly configure spring.jpa.open-in-view to disable this warning
2025-01-19 15:51:39 [restartedMain] INFO  org.springframework.validation.beanvalidation.OptionalValidatorFactoryBean - Failed to set up a Bean Validation provider: jakarta.validation.NoProviderFoundException: Unable to create a Configuration, because no Jakarta Bean Validation provider could be found. Add a provider like Hibernate Validator (RI) to your classpath.
2025-01-19 15:51:40 [restartedMain] INFO  org.springframework.boot.devtools.autoconfigure.OptionalLiveReloadServer - LiveReload server is running on port 35729
2025-01-19 15:51:40 [restartedMain] INFO  org.apache.coyote.http11.Http11NioProtocol - Starting ProtocolHandler ["http-nio-8081"]
2025-01-19 15:51:40 [restartedMain] INFO  org.springframework.boot.web.embedded.tomcat.TomcatWebServer - Tomcat started on port 8081 (http) with context path '/'
2025-01-19 15:51:40 [restartedMain] INFO  com.tekarch.TafDatastoreService.TafDatastoreServiceApplication - Started TafDatastoreServiceApplication in 5.358 seconds (process running for 6.066)
2025-01-19 15:52:17 [http-nio-8081-exec-1] INFO  org.apache.catalina.core.ContainerBase.[Tomcat].[localhost].[/] - Initializing Spring DispatcherServlet 'dispatcherServlet'
2025-01-19 15:52:17 [http-nio-8081-exec-1] INFO  org.springframework.web.servlet.DispatcherServlet - Initializing Servlet 'dispatcherServlet'
2025-01-19 15:52:17 [http-nio-8081-exec-1] INFO  org.springframework.web.servlet.DispatcherServlet - Completed initialization in 0 ms
2025-01-19 15:52:17 [http-nio-8081-exec-1] DEBUG org.hibernate.SQL - 
    /* insert for
        com.tekarch.TafDatastoreService.model.User */insert 
    into
        user (created_at, email, phone, updated_at, username) 
    values
        (?, ?, ?, ?, ?)
2025-01-19 15:53:10 [http-nio-8081-exec-4] DEBUG org.hibernate.SQL - 
    /* select
        count(*) 
    from
        User x 
    WHERE
        x.id = :id */ select
            count(*) 
        from
            user u1_0 
        where
            u1_0.id=?
2025-01-19 15:53:10 [http-nio-8081-exec-4] DEBUG org.hibernate.SQL - 
    select
        u1_0.id,
        u1_0.created_at,
        u1_0.email,
        u1_0.phone,
        u1_0.updated_at,
        u1_0.username 
    from
        user u1_0 
    where
        u1_0.id=?
2025-01-19 15:53:10 [http-nio-8081-exec-4] DEBUG org.hibernate.SQL - 
    /* update
        for com.tekarch.TafDatastoreService.model.User */update user 
    set
        created_at=?,
        email=?,
        phone=?,
        updated_at=?,
        username=? 
    where
        id=?
2025-01-19 15:53:30 [http-nio-8081-exec-2] DEBUG org.hibernate.SQL - 
    /* select
        count(*) 
    from
        User x 
    WHERE
        x.id = :id */ select
            count(*) 
        from
            user u1_0 
        where
            u1_0.id=?
2025-01-19 15:53:30 [http-nio-8081-exec-2] DEBUG org.hibernate.SQL - 
    select
        u1_0.id,
        u1_0.created_at,
        u1_0.email,
        u1_0.phone,
        u1_0.updated_at,
        u1_0.username 
    from
        user u1_0 
    where
        u1_0.id=?
2025-01-19 15:53:30 [http-nio-8081-exec-2] DEBUG org.hibernate.SQL - 
    /* update
        for com.tekarch.TafDatastoreService.model.User */update user 
    set
        created_at=?,
        email=?,
        phone=?,
        updated_at=?,
        username=? 
    where
        id=?
2025-01-19 15:54:54 [http-nio-8081-exec-7] DEBUG org.hibernate.SQL - 
    /* select
        count(*) 
    from
        User x 
    WHERE
        x.id = :id */ select
            count(*) 
        from
            user u1_0 
        where
            u1_0.id=?
2025-01-19 15:54:54 [http-nio-8081-exec-7] DEBUG org.hibernate.SQL - 
    select
        u1_0.id,
        u1_0.created_at,
        u1_0.email,
        u1_0.phone,
        u1_0.updated_at,
        u1_0.username 
    from
        user u1_0 
    where
        u1_0.id=?
2025-01-19 15:54:55 [http-nio-8081-exec-7] DEBUG org.hibernate.SQL - 
    /* update
        for com.tekarch.TafDatastoreService.model.User */update user 
    set
        created_at=?,
        email=?,
        phone=?,
        updated_at=?,
        username=? 
    where
        id=?
2025-01-19 15:55:19 [http-nio-8081-exec-8] DEBUG org.hibernate.SQL - 
    select
        u1_0.id,
        u1_0.created_at,
        u1_0.email,
        u1_0.phone,
        u1_0.updated_at,
        u1_0.username 
    from
        user u1_0 
    where
        u1_0.id=?
2025-01-19 15:55:37 [http-nio-8081-exec-9] DEBUG org.hibernate.SQL - 
    select
        u1_0.id,
        u1_0.created_at,
        u1_0.email,
        u1_0.phone,
        u1_0.updated_at,
        u1_0.username 
    from
        user u1_0 
    where
        u1_0.id=?
2025-01-19 16:00:18 [restartedMain] INFO  com.tekarch.TafDatastoreService.TafDatastoreServiceApplication - Starting TafDatastoreServiceApplication using Java 23.0.1 with PID 70284 (C:\projects\TafDatastoreService\build\classes\java\main started by jpjan in C:\projects\TafDatastoreService)
2025-01-19 16:00:18 [restartedMain] INFO  com.tekarch.TafDatastoreService.TafDatastoreServiceApplication - No active profile set, falling back to 1 default profile: "default"
2025-01-19 16:00:18 [restartedMain] INFO  org.springframework.boot.devtools.env.DevToolsPropertyDefaultsPostProcessor - Devtools property defaults active! Set 'spring.devtools.add-properties' to 'false' to disable
2025-01-19 16:00:18 [restartedMain] INFO  org.springframework.boot.devtools.env.DevToolsPropertyDefaultsPostProcessor - For additional web related logging consider setting the 'logging.level.web' property to 'DEBUG'
2025-01-19 16:00:19 [restartedMain] INFO  org.springframework.data.repository.config.RepositoryConfigurationDelegate - Bootstrapping Spring Data JPA repositories in DEFAULT mode.
2025-01-19 16:00:19 [restartedMain] INFO  org.springframework.data.repository.config.RepositoryConfigurationDelegate - Finished Spring Data repository scanning in 36 ms. Found 3 JPA repository interfaces.
2025-01-19 16:00:20 [restartedMain] INFO  org.springframework.boot.web.embedded.tomcat.TomcatWebServer - Tomcat initialized with port 8081 (http)
2025-01-19 16:00:20 [restartedMain] INFO  org.apache.coyote.http11.Http11NioProtocol - Initializing ProtocolHandler ["http-nio-8081"]
2025-01-19 16:00:20 [restartedMain] INFO  org.apache.catalina.core.StandardService - Starting service [Tomcat]
2025-01-19 16:00:20 [restartedMain] INFO  org.apache.catalina.core.StandardEngine - Starting Servlet engine: [Apache Tomcat/10.1.34]
2025-01-19 16:00:20 [restartedMain] INFO  org.apache.catalina.core.ContainerBase.[Tomcat].[localhost].[/] - Initializing Spring embedded WebApplicationContext
2025-01-19 16:00:20 [restartedMain] INFO  org.springframework.boot.web.servlet.context.ServletWebServerApplicationContext - Root WebApplicationContext: initialization completed in 1603 ms
2025-01-19 16:00:20 [restartedMain] INFO  org.hibernate.jpa.internal.util.LogHelper - HHH000204: Processing PersistenceUnitInfo [name: default]
2025-01-19 16:00:20 [restartedMain] INFO  org.hibernate.Version - HHH000412: Hibernate ORM core version 6.6.4.Final
2025-01-19 16:00:20 [restartedMain] INFO  org.hibernate.cache.internal.RegionFactoryInitiator - HHH000026: Second-level cache disabled
2025-01-19 16:00:21 [restartedMain] INFO  org.springframework.orm.jpa.persistenceunit.SpringPersistenceUnitInfo - No LoadTimeWeaver setup: ignoring JPA class transformer
2025-01-19 16:00:21 [restartedMain] INFO  com.zaxxer.hikari.HikariDataSource - HikariPool-1 - Starting...
2025-01-19 16:00:21 [restartedMain] INFO  com.zaxxer.hikari.pool.HikariPool - HikariPool-1 - Added connection com.mysql.cj.jdbc.ConnectionImpl@5d5e911e
2025-01-19 16:00:21 [restartedMain] INFO  com.zaxxer.hikari.HikariDataSource - HikariPool-1 - Start completed.
2025-01-19 16:00:21 [restartedMain] WARN  org.hibernate.orm.deprecation - HHH90000025: MySQL8Dialect does not need to be specified explicitly using 'hibernate.dialect' (remove the property setting and it will be selected by default)
2025-01-19 16:00:21 [restartedMain] WARN  org.hibernate.orm.deprecation - HHH90000026: MySQL8Dialect has been deprecated; use org.hibernate.dialect.MySQLDialect instead
2025-01-19 16:00:21 [restartedMain] INFO  org.hibernate.orm.connections.pooling - HHH10001005: Database info:
	Database JDBC URL [Connecting through datasource 'HikariDataSource (HikariPool-1)']
	Database driver: undefined/unknown
	Database version: 8.0
	Autocommit mode: undefined/unknown
	Isolation level: undefined/unknown
	Minimum pool size: undefined/unknown
	Maximum pool size: undefined/unknown
2025-01-19 16:00:22 [restartedMain] INFO  org.hibernate.engine.transaction.jta.platform.internal.JtaPlatformInitiator - HHH000489: No JTA platform available (set 'hibernate.transaction.jta.platform' to enable JTA platform integration)
2025-01-19 16:00:22 [restartedMain] INFO  org.springframework.orm.jpa.LocalContainerEntityManagerFactoryBean - Initialized JPA EntityManagerFactory for persistence unit 'default'
2025-01-19 16:00:23 [restartedMain] WARN  org.springframework.boot.autoconfigure.orm.jpa.JpaBaseConfiguration$JpaWebConfiguration - spring.jpa.open-in-view is enabled by default. Therefore, database queries may be performed during view rendering. Explicitly configure spring.jpa.open-in-view to disable this warning
2025-01-19 16:00:23 [restartedMain] INFO  org.springframework.validation.beanvalidation.OptionalValidatorFactoryBean - Failed to set up a Bean Validation provider: jakarta.validation.NoProviderFoundException: Unable to create a Configuration, because no Jakarta Bean Validation provider could be found. Add a provider like Hibernate Validator (RI) to your classpath.
2025-01-19 16:00:23 [restartedMain] INFO  org.springframework.boot.devtools.autoconfigure.OptionalLiveReloadServer - LiveReload server is running on port 35729
2025-01-19 16:00:23 [restartedMain] INFO  org.apache.coyote.http11.Http11NioProtocol - Starting ProtocolHandler ["http-nio-8081"]
2025-01-19 16:00:23 [restartedMain] INFO  org.springframework.boot.web.embedded.tomcat.TomcatWebServer - Tomcat started on port 8081 (http) with context path '/'
2025-01-19 16:00:23 [restartedMain] INFO  com.tekarch.TafDatastoreService.TafDatastoreServiceApplication - Started TafDatastoreServiceApplication in 5.425 seconds (process running for 6.109)
2025-01-19 16:00:53 [http-nio-8081-exec-3] INFO  org.apache.catalina.core.ContainerBase.[Tomcat].[localhost].[/] - Initializing Spring DispatcherServlet 'dispatcherServlet'
2025-01-19 16:00:53 [http-nio-8081-exec-3] INFO  org.springframework.web.servlet.DispatcherServlet - Initializing Servlet 'dispatcherServlet'
2025-01-19 16:00:53 [http-nio-8081-exec-3] INFO  org.springframework.web.servlet.DispatcherServlet - Completed initialization in 2 ms
2025-01-19 16:00:53 [http-nio-8081-exec-3] DEBUG org.hibernate.SQL - 
    /* insert for
        com.tekarch.TafDatastoreService.model.User */insert 
    into
        user (created_at, email, phone, updated_at, username) 
    values
        (?, ?, ?, ?, ?)
2025-01-19 16:01:04 [http-nio-8081-exec-4] DEBUG org.hibernate.SQL - 
    /* select
        count(*) 
    from
        User x 
    WHERE
        x.id = :id */ select
            count(*) 
        from
            user u1_0 
        where
            u1_0.id=?
2025-01-19 16:01:05 [http-nio-8081-exec-4] DEBUG org.hibernate.SQL - 
    select
        u1_0.id,
        u1_0.created_at,
        u1_0.email,
        u1_0.phone,
        u1_0.updated_at,
        u1_0.username 
    from
        user u1_0 
    where
        u1_0.id=?
2025-01-19 16:01:05 [http-nio-8081-exec-4] DEBUG org.hibernate.SQL - 
    /* update
        for com.tekarch.TafDatastoreService.model.User */update user 
    set
        created_at=?,
        email=?,
        phone=?,
        updated_at=?,
        username=? 
    where
        id=?
2025-01-19 16:01:41 [http-nio-8081-exec-2] DEBUG org.hibernate.SQL - 
    select
        u1_0.id,
        u1_0.created_at,
        u1_0.email,
        u1_0.phone,
        u1_0.updated_at,
        u1_0.username 
    from
        user u1_0 
    where
        u1_0.id=?
2025-01-19 16:01:56 [http-nio-8081-exec-5] DEBUG org.hibernate.SQL - 
    select
        u1_0.id,
        u1_0.created_at,
        u1_0.email,
        u1_0.phone,
        u1_0.updated_at,
        u1_0.username 
    from
        user u1_0 
    where
        u1_0.id=?
2025-01-19 16:02:21 [http-nio-8081-exec-6] DEBUG org.hibernate.SQL - 
    /* select
        count(*) 
    from
        User x 
    WHERE
        x.id = :id */ select
            count(*) 
        from
            user u1_0 
        where
            u1_0.id=?
2025-01-19 16:02:21 [http-nio-8081-exec-6] DEBUG org.hibernate.SQL - 
    select
        u1_0.id,
        u1_0.created_at,
        u1_0.email,
        u1_0.phone,
        u1_0.updated_at,
        u1_0.username 
    from
        user u1_0 
    where
        u1_0.id=?
2025-01-19 16:02:22 [http-nio-8081-exec-6] DEBUG org.hibernate.SQL - 
    /* update
        for com.tekarch.TafDatastoreService.model.User */update user 
    set
        created_at=?,
        email=?,
        phone=?,
        updated_at=?,
        username=? 
    where
        id=?
2025-01-19 16:03:44 [http-nio-8081-exec-8] DEBUG org.hibernate.SQL - 
    /* select
        count(*) 
    from
        User x 
    WHERE
        x.id = :id */ select
            count(*) 
        from
            user u1_0 
        where
            u1_0.id=?
2025-01-19 16:03:45 [http-nio-8081-exec-8] ERROR org.apache.catalina.core.ContainerBase.[Tomcat].[localhost].[/].[dispatcherServlet] - Servlet.service() for servlet [dispatcherServlet] in context with path [] threw exception [Request processing failed: java.lang.RuntimeException: User not found] with root cause
java.lang.RuntimeException: User not found
	at com.tekarch.TafDatastoreService.controller.UserController.updateUser(UserController.java:31) ~[main/:?]
	at jdk.internal.reflect.DirectMethodHandleAccessor.invoke(DirectMethodHandleAccessor.java:103) ~[?:?]
	at java.lang.reflect.Method.invoke(Method.java:580) ~[?:?]
	at org.springframework.web.method.support.InvocableHandlerMethod.doInvoke(InvocableHandlerMethod.java:257) ~[spring-web-6.2.1.jar:6.2.1]
	at org.springframework.web.method.support.InvocableHandlerMethod.invokeForRequest(InvocableHandlerMethod.java:190) ~[spring-web-6.2.1.jar:6.2.1]
	at org.springframework.web.servlet.mvc.method.annotation.ServletInvocableHandlerMethod.invokeAndHandle(ServletInvocableHandlerMethod.java:118) ~[spring-webmvc-6.2.1.jar:6.2.1]
	at org.springframework.web.servlet.mvc.method.annotation.RequestMappingHandlerAdapter.invokeHandlerMethod(RequestMappingHandlerAdapter.java:986) ~[spring-webmvc-6.2.1.jar:6.2.1]
	at org.springframework.web.servlet.mvc.method.annotation.RequestMappingHandlerAdapter.handleInternal(RequestMappingHandlerAdapter.java:891) ~[spring-webmvc-6.2.1.jar:6.2.1]
	at org.springframework.web.servlet.mvc.method.AbstractHandlerMethodAdapter.handle(AbstractHandlerMethodAdapter.java:87) ~[spring-webmvc-6.2.1.jar:6.2.1]
	at org.springframework.web.servlet.DispatcherServlet.doDispatch(DispatcherServlet.java:1088) ~[spring-webmvc-6.2.1.jar:6.2.1]
	at org.springframework.web.servlet.DispatcherServlet.doService(DispatcherServlet.java:978) ~[spring-webmvc-6.2.1.jar:6.2.1]
	at org.springframework.web.servlet.FrameworkServlet.processRequest(FrameworkServlet.java:1014) ~[spring-webmvc-6.2.1.jar:6.2.1]
	at org.springframework.web.servlet.FrameworkServlet.doPut(FrameworkServlet.java:925) ~[spring-webmvc-6.2.1.jar:6.2.1]
	at jakarta.servlet.http.HttpServlet.service(HttpServlet.java:593) ~[tomcat-embed-core-10.1.34.jar:6.0]
	at org.springframework.web.servlet.FrameworkServlet.service(FrameworkServlet.java:885) ~[spring-webmvc-6.2.1.jar:6.2.1]
	at jakarta.servlet.http.HttpServlet.service(HttpServlet.java:658) ~[tomcat-embed-core-10.1.34.jar:6.0]
	at org.apache.catalina.core.ApplicationFilterChain.internalDoFilter(ApplicationFilterChain.java:195) ~[tomcat-embed-core-10.1.34.jar:10.1.34]
	at org.apache.catalina.core.ApplicationFilterChain.doFilter(ApplicationFilterChain.java:140) ~[tomcat-embed-core-10.1.34.jar:10.1.34]
	at org.apache.tomcat.websocket.server.WsFilter.doFilter(WsFilter.java:51) ~[tomcat-embed-websocket-10.1.34.jar:10.1.34]
	at org.apache.catalina.core.ApplicationFilterChain.internalDoFilter(ApplicationFilterChain.java:164) ~[tomcat-embed-core-10.1.34.jar:10.1.34]
	at org.apache.catalina.core.ApplicationFilterChain.doFilter(ApplicationFilterChain.java:140) ~[tomcat-embed-core-10.1.34.jar:10.1.34]
	at org.springframework.web.filter.RequestContextFilter.doFilterInternal(RequestContextFilter.java:100) ~[spring-web-6.2.1.jar:6.2.1]
	at org.springframework.web.filter.OncePerRequestFilter.doFilter(OncePerRequestFilter.java:116) ~[spring-web-6.2.1.jar:6.2.1]
	at org.apache.catalina.core.ApplicationFilterChain.internalDoFilter(ApplicationFilterChain.java:164) ~[tomcat-embed-core-10.1.34.jar:10.1.34]
	at org.apache.catalina.core.ApplicationFilterChain.doFilter(ApplicationFilterChain.java:140) ~[tomcat-embed-core-10.1.34.jar:10.1.34]
	at org.springframework.web.filter.FormContentFilter.doFilterInternal(FormContentFilter.java:93) ~[spring-web-6.2.1.jar:6.2.1]
	at org.springframework.web.filter.OncePerRequestFilter.doFilter(OncePerRequestFilter.java:116) ~[spring-web-6.2.1.jar:6.2.1]
	at org.apache.catalina.core.ApplicationFilterChain.internalDoFilter(ApplicationFilterChain.java:164) ~[tomcat-embed-core-10.1.34.jar:10.1.34]
	at org.apache.catalina.core.ApplicationFilterChain.doFilter(ApplicationFilterChain.java:140) ~[tomcat-embed-core-10.1.34.jar:10.1.34]
	at org.springframework.web.filter.CharacterEncodingFilter.doFilterInternal(CharacterEncodingFilter.java:201) ~[spring-web-6.2.1.jar:6.2.1]
	at org.springframework.web.filter.OncePerRequestFilter.doFilter(OncePerRequestFilter.java:116) ~[spring-web-6.2.1.jar:6.2.1]
	at org.apache.catalina.core.ApplicationFilterChain.internalDoFilter(ApplicationFilterChain.java:164) ~[tomcat-embed-core-10.1.34.jar:10.1.34]
	at org.apache.catalina.core.ApplicationFilterChain.doFilter(ApplicationFilterChain.java:140) ~[tomcat-embed-core-10.1.34.jar:10.1.34]
	at org.apache.catalina.core.StandardWrapperValve.invoke(StandardWrapperValve.java:167) ~[tomcat-embed-core-10.1.34.jar:10.1.34]
	at org.apache.catalina.core.StandardContextValve.invoke(StandardContextValve.java:90) ~[tomcat-embed-core-10.1.34.jar:10.1.34]
	at org.apache.catalina.authenticator.AuthenticatorBase.invoke(AuthenticatorBase.java:483) ~[tomcat-embed-core-10.1.34.jar:10.1.34]
	at org.apache.catalina.core.StandardHostValve.invoke(StandardHostValve.java:115) ~[tomcat-embed-core-10.1.34.jar:10.1.34]
	at org.apache.catalina.valves.ErrorReportValve.invoke(ErrorReportValve.java:93) ~[tomcat-embed-core-10.1.34.jar:10.1.34]
	at org.apache.catalina.core.StandardEngineValve.invoke(StandardEngineValve.java:74) ~[tomcat-embed-core-10.1.34.jar:10.1.34]
	at org.apache.catalina.connector.CoyoteAdapter.service(CoyoteAdapter.java:344) ~[tomcat-embed-core-10.1.34.jar:10.1.34]
	at org.apache.coyote.http11.Http11Processor.service(Http11Processor.java:397) ~[tomcat-embed-core-10.1.34.jar:10.1.34]
	at org.apache.coyote.AbstractProcessorLight.process(AbstractProcessorLight.java:63) ~[tomcat-embed-core-10.1.34.jar:10.1.34]
	at org.apache.coyote.AbstractProtocol$ConnectionHandler.process(AbstractProtocol.java:905) ~[tomcat-embed-core-10.1.34.jar:10.1.34]
	at org.apache.tomcat.util.net.NioEndpoint$SocketProcessor.doRun(NioEndpoint.java:1741) ~[tomcat-embed-core-10.1.34.jar:10.1.34]
	at org.apache.tomcat.util.net.SocketProcessorBase.run(SocketProcessorBase.java:52) ~[tomcat-embed-core-10.1.34.jar:10.1.34]
	at org.apache.tomcat.util.threads.ThreadPoolExecutor.runWorker(ThreadPoolExecutor.java:1190) ~[tomcat-embed-core-10.1.34.jar:10.1.34]
	at org.apache.tomcat.util.threads.ThreadPoolExecutor$Worker.run(ThreadPoolExecutor.java:659) ~[tomcat-embed-core-10.1.34.jar:10.1.34]
	at org.apache.tomcat.util.threads.TaskThread$WrappingRunnable.run(TaskThread.java:63) ~[tomcat-embed-core-10.1.34.jar:10.1.34]
	at java.lang.Thread.run(Thread.java:1575) [?:?]
2025-01-19 16:05:40 [http-nio-8081-exec-1] DEBUG org.hibernate.SQL - 
    /* select
        count(*) 
    from
        User x 
    WHERE
        x.id = :id */ select
            count(*) 
        from
            user u1_0 
        where
            u1_0.id=?
2025-01-19 16:05:40 [http-nio-8081-exec-1] DEBUG org.hibernate.SQL - 
    select
        u1_0.id,
        u1_0.created_at,
        u1_0.email,
        u1_0.phone,
        u1_0.updated_at,
        u1_0.username 
    from
        user u1_0 
    where
        u1_0.id=?
2025-01-19 16:05:41 [http-nio-8081-exec-1] DEBUG org.hibernate.SQL - 
    /* update
        for com.tekarch.TafDatastoreService.model.User */update user 
    set
        created_at=?,
        email=?,
        phone=?,
        updated_at=?,
        username=? 
    where
        id=?
